<?xml version="1.0" encoding="UTF-8"?>
<!-- Generated by org.testng.reporters.JUnitReportReporter -->
<testsuite hostname="VAIO" name="org.packt.Spring.chapter9.SpringTesting.Calculator.SimpleCalculatorTestNGTests" tests="1" failures="0" timestamp="9 Apr 2015 19:21:58 GMT" time="0.022" errors="0">
  <testcase name="verifyAdd" time="0.022" classname="org.packt.Spring.chapter9.SpringTesting.Calculator.SimpleCalculatorTestNGTests"/>
</testsuite> <!-- org.packt.Spring.chapter9.SpringTesting.Calculator.SimpleCalculatorTestNGTests -->
